[    0.000000] Linux version 4.15.0-212-generic (buildd@lcy02-amd64-083) (gcc version 7.5.0 (Ubuntu 7.5.0-3ubuntu1~18.04)) #223-Ubuntu SMP Tue May 23 13:09:22 UTC 2023 (Ubuntu 4.15.0-212.223-generic 4.15.18)
[    0.000000] Command line: BOOT_IMAGE=/boot/vmlinuz-4.15.0-212-generic root=LABEL=cloudimg-rootfs ro console=tty1 console=ttyS0
[    0.000000] KERNEL supported cpus:
[    0.000000]   Intel GenuineIntel
[    0.000000]   AMD AuthenticAMD
[    0.000000]   Centaur CentaurHauls
[    0.000000] x86/fpu: x87 FPU will use FXSAVE
[    0.000000] e820: BIOS-provided physical RAM map:
[    0.000000] BIOS-e820: [mem 0x0000000000000000-0x000000000009fbff] usable
[    0.000000] BIOS-e820: [mem 0x000000000009fc00-0x000000000009ffff] reserved
[    0.000000] BIOS-e820: [mem 0x00000000000f0000-0x00000000000fffff] reserved
[    0.000000] BIOS-e820: [mem 0x0000000000100000-0x000000003ffeffff] usable
[    0.000000] BIOS-e820: [mem 0x000000003fff0000-0x000000003fffffff] ACPI data
[    0.000000] BIOS-e820: [mem 0x00000000fec00000-0x00000000fec00fff] reserved
[    0.000000] BIOS-e820: [mem 0x00000000fee00000-0x00000000fee00fff] reserved
[    0.000000] BIOS-e820: [mem 0x00000000fffc0000-0x00000000ffffffff] reserved
[    0.000000] NX (Execute Disable) protection: active
[    0.000000] SMBIOS 2.5 present.
[    0.000000] DMI: innotek GmbH VirtualBox/VirtualBox, BIOS VirtualBox 12/01/2006
[    0.000000] Hypervisor detected: KVM
[    0.000000] e820: last_pfn = 0x3fff0 max_arch_pfn = 0x400000000
[    0.000000] x86/PAT: Configuration [0-7]: WB  WC  UC- UC  WB  WP  UC- WT  
[    0.000000] CPU MTRRs all blank - virtualized system.
[    0.000000] found SMP MP-table at [mem 0x0009fbf0-0x0009fbff]
[    0.000000] Scanning 1 areas for low memory corruption
[    0.000000] RAMDISK: [mem 0x359cb000-0x36cdcfff]
[    0.000000] ACPI: Early table checksum verification disabled
[    0.000000] ACPI: RSDP 0x00000000000E0000 000024 (v02 VBOX  )
[    0.000000] ACPI: XSDT 0x000000003FFF0030 00003C (v01 VBOX   VBOXXSDT 00000001 ASL  00000061)
[    0.000000] ACPI: FACP 0x000000003FFF00F0 0000F4 (v04 VBOX   VBOXFACP 00000001 ASL  00000061)
[    0.000000] ACPI: DSDT 0x000000003FFF0610 002353 (v02 VBOX   VBOXBIOS 00000002 INTL 20100528)
[    0.000000] ACPI: FACS 0x000000003FFF0200 000040
[    0.000000] ACPI: FACS 0x000000003FFF0200 000040
[    0.000000] ACPI: APIC 0x000000003FFF0240 00005C (v02 VBOX   VBOXAPIC 00000001 ASL  00000061)
[    0.000000] ACPI: SSDT 0x000000003FFF02A0 00036C (v01 VBOX   VBOXCPUT 00000002 INTL 20100528)
[    0.000000] ACPI: Reserving FACP table memory at [mem 0x3fff00f0-0x3fff01e3]
[    0.000000] ACPI: Reserving DSDT table memory at [mem 0x3fff0610-0x3fff2962]
[    0.000000] ACPI: Reserving FACS table memory at [mem 0x3fff0200-0x3fff023f]
[    0.000000] ACPI: Reserving FACS table memory at [mem 0x3fff0200-0x3fff023f]
[    0.000000] ACPI: Reserving APIC table memory at [mem 0x3fff0240-0x3fff029b]
[    0.000000] ACPI: Reserving SSDT table memory at [mem 0x3fff02a0-0x3fff060b]
[    0.000000] No NUMA configuration found
[    0.000000] Faking a node at [mem 0x0000000000000000-0x000000003ffeffff]
[    0.000000] NODE_DATA(0) allocated [mem 0x3ffc5000-0x3ffeffff]
[    0.000000] kvm-clock: cpu 0, msr 0:3ff44001, primary cpu clock
[    0.000000] kvm-clock: Using msrs 4b564d01 and 4b564d00
[    0.000000] kvm-clock: using sched offset of 4092881118 cycles
[    0.000000] clocksource: kvm-clock: mask: 0xffffffffffffffff max_cycles: 0x1cd42e4dffb, max_idle_ns: 881590591483 ns
[    0.000000] Zone ranges:
[    0.000000]   DMA      [mem 0x0000000000001000-0x0000000000ffffff]
[    0.000000]   DMA32    [mem 0x0000000001000000-0x000000003ffeffff]
[    0.000000]   Normal   empty
[    0.000000]   Device   empty
[    0.000000] Movable zone start for each node
[    0.000000] Early memory node ranges
[    0.000000]   node   0: [mem 0x0000000000001000-0x000000000009efff]
[    0.000000]   node   0: [mem 0x0000000000100000-0x000000003ffeffff]
[    0.000000] Reserved but unavailable: 104 pages
[    0.000000] Initmem setup node 0 [mem 0x0000000000001000-0x000000003ffeffff]
[    0.000000] ACPI: PM-Timer IO Port: 0x4008
[    0.000000] IOAPIC[0]: apic_id 2, version 32, address 0xfec00000, GSI 0-23
[    0.000000] ACPI: INT_SRC_OVR (bus 0 bus_irq 0 global_irq 2 dfl dfl)
[    0.000000] ACPI: INT_SRC_OVR (bus 0 bus_irq 9 global_irq 9 low level)
[    0.000000] Using ACPI (MADT) for SMP configuration information
[    0.000000] smpboot: Allowing 2 CPUs, 0 hotplug CPUs
[    0.000000] PM: Registered nosave memory: [mem 0x00000000-0x00000fff]
[    0.000000] PM: Registered nosave memory: [mem 0x0009f000-0x0009ffff]
[    0.000000] PM: Registered nosave memory: [mem 0x000a0000-0x000effff]
[    0.000000] PM: Registered nosave memory: [mem 0x000f0000-0x000fffff]
[    0.000000] e820: [mem 0x40000000-0xfebfffff] available for PCI devices
[    0.000000] Booting paravirtualized kernel on KVM
[    0.000000] clocksource: refined-jiffies: mask: 0xffffffff max_cycles: 0xffffffff, max_idle_ns: 7645519600211568 ns
[    0.000000] setup_percpu: NR_CPUS:8192 nr_cpumask_bits:2 nr_cpu_ids:2 nr_node_ids:1
[    0.000000] percpu: Embedded 50 pages/cpu s167936 r8192 d28672 u1048576
[    0.000000] PV qspinlock hash table entries: 256 (order: 0, 4096 bytes)
[    0.000000] Built 1 zonelists, mobility grouping on.  Total pages: 257913
[    0.000000] Policy zone: DMA32
[    0.000000] Kernel command line: BOOT_IMAGE=/boot/vmlinuz-4.15.0-212-generic root=LABEL=cloudimg-rootfs ro console=tty1 console=ttyS0
[    0.000000] Memory: 982644K/1048120K available (12300K kernel code, 2477K rwdata, 4324K rodata, 2480K init, 2720K bss, 65476K reserved, 0K cma-reserved)
[    0.000000] SLUB: HWalign=64, Order=0-3, MinObjects=0, CPUs=2, Nodes=1
[    0.000000] ftrace: allocating 39508 entries in 155 pages
[    0.004000] Hierarchical RCU implementation.
[    0.004000] 	RCU restricting CPUs from NR_CPUS=8192 to nr_cpu_ids=2.
[    0.004000] 	Tasks RCU enabled.
[    0.004000] RCU: Adjusting geometry for rcu_fanout_leaf=16, nr_cpu_ids=2
[    0.004000] NR_IRQS: 524544, nr_irqs: 440, preallocated irqs: 16
[    0.004000] random: crng init done
[    0.004000] Console: colour VGA+ 80x25
[    0.004000] console [tty1] enabled
[    0.004000] console [ttyS0] enabled
[    0.004000] ACPI: Core revision 20170831
[    0.004000] ACPI: 2 ACPI AML tables successfully acquired and loaded
[    0.004000] APIC: Switch to symmetric I/O mode setup
[    0.004000] ..TIMER: vector=0x30 apic1=0 pin1=2 apic2=-1 pin2=-1
[    0.008005] tsc: Detected 2112.006 MHz processor
[    0.012000] Calibrating delay loop (skipped) preset value.. 4224.01 BogoMIPS (lpj=8448024)
[    0.016003] pid_max: default: 32768 minimum: 301
[    0.020126] Security Framework initialized
[    0.024004] Yama: becoming mindful.
[    0.028106] AppArmor: AppArmor initialized
[    0.039434] Dentry cache hash table entries: 131072 (order: 8, 1048576 bytes)
[    0.045365] Inode-cache hash table entries: 65536 (order: 7, 524288 bytes)
[    0.048082] Mount-cache hash table entries: 2048 (order: 2, 16384 bytes)
[    0.052089] Mountpoint-cache hash table entries: 2048 (order: 2, 16384 bytes)
[    0.058103] Last level iTLB entries: 4KB 64, 2MB 8, 4MB 8
[    0.060004] Last level dTLB entries: 4KB 64, 2MB 0, 4MB 0, 1GB 4
[    0.064007] Spectre V1 : Mitigation: usercopy/swapgs barriers and __user pointer sanitization
[    0.068005] Spectre V2 : Mitigation: Enhanced IBRS
[    0.072002] Spectre V2 : Spectre v2 / SpectreRSB mitigation: Filling RSB on context switch
[    0.076002] Spectre V2 : Spectre v2 / PBRSB-eIBRS: Retire a single CALL on VMEXIT
[    0.080003] RETBleed: Mitigation: Enhanced IBRS
[    0.084002] Speculative Store Bypass: Vulnerable
[    0.088048] TAA: Mitigation: TSX disabled
[    0.092002] MMIO Stale Data: Mitigation: Clear CPU buffers
[    0.096004] SRBDS: Unknown: Dependent on hypervisor status
[    0.100182] Freeing SMP alternatives memory: 36K
[    0.221472] APIC calibration not consistent with PM-Timer: 102ms instead of 100ms
[    0.224000] APIC delta adjusted to PM-Timer: 6286141 (6446494)
[    0.224314] smpboot: CPU0: Intel(R) Core(TM) i7-8665U CPU @ 1.90GHz (family: 0x6, model: 0x8e, stepping: 0xc)
[    0.228512] Performance Events: unsupported p6 CPU model 142 no PMU driver, software events only.
[    0.232134] Hierarchical SRCU implementation.
[    0.236841] NMI watchdog: Perf event create on CPU 0 failed with -2
[    0.240003] NMI watchdog: Perf NMI watchdog permanently disabled
[    0.244377] smp: Bringing up secondary CPUs ...
[    0.252262] x86: Booting SMP configuration:
[    0.256000] .... node  #0, CPUs:      #1
[    0.004000] kvm-clock: cpu 1, msr 0:3ff44041, secondary cpu clock
[    0.268114] smp: Brought up 1 node, 2 CPUs
[    0.272006] smpboot: Max logical packages: 1
[    0.276004] smpboot: Total of 2 processors activated (8448.02 BogoMIPS)
[    0.280675] devtmpfs: initialized
[    0.284114] x86/mm: Memory block size: 128MB
[    0.288400] evm: security.selinux
[    0.292002] evm: security.SMACK64
[    0.294619] evm: security.SMACK64EXEC
[    0.296002] evm: security.SMACK64TRANSMUTE
[    0.300005] evm: security.SMACK64MMAP
[    0.304002] evm: security.apparmor
[    0.307125] evm: security.ima
[    0.308002] evm: security.capability
[    0.312432] clocksource: jiffies: mask: 0xffffffff max_cycles: 0xffffffff, max_idle_ns: 7645041785100000 ns
[    0.316010] futex hash table entries: 512 (order: 3, 32768 bytes)
[    0.320263] pinctrl core: initialized pinctrl subsystem
[    0.324593] RTC time: 16:16:22, date: 07/10/25
[    0.329210] NET: Registered protocol family 16
[    0.332132] audit: initializing netlink subsys (disabled)
[    0.340172] audit: type=2000 audit(1752164186.721:1): state=initialized audit_enabled=0 res=1
[    0.348120] cpuidle: using governor ladder
[    0.352006] cpuidle: using governor menu
[    0.356095] ACPI: bus type PCI registered
[    0.360003] acpiphp: ACPI Hot Plug PCI Controller Driver version: 0.5
[    0.364685] PCI: Using configuration type 1 for base access
[    0.376338] HugeTLB registered 2.00 MiB page size, pre-allocated 0 pages
[    0.384748] ACPI: Added _OSI(Module Device)
[    0.388011] ACPI: Added _OSI(Processor Device)
[    0.392002] ACPI: Added _OSI(3.0 _SCP Extensions)
[    0.396003] ACPI: Added _OSI(Processor Aggregator Device)
[    0.400005] ACPI: Added _OSI(Linux-Dell-Video)
[    0.404003] ACPI: Added _OSI(Linux-Lenovo-NV-HDMI-Audio)
[    0.408002] ACPI: Added _OSI(Linux-HPI-Hybrid-Graphics)
[    0.412818] ACPI: Executed 1 blocks of module-level executable AML code
[    0.421730] ACPI: Interpreter enabled
[    0.424012] ACPI: (supports S0 S5)
[    0.428003] ACPI: Using IOAPIC for interrupt routing
[    0.432424] PCI: Using host bridge windows from ACPI; if necessary, use "pci=nocrs" and report a bug
[    0.436239] ACPI: Enabled 2 GPEs in block 00 to 07
[    0.454641] ACPI: PCI Root Bridge [PCI0] (domain 0000 [bus 00-ff])
[    0.456010] acpi PNP0A03:00: _OSC: OS supports [ASPM ClockPM Segments MSI]
[    0.460900] acpi PNP0A03:00: _OSC: not requesting OS control; OS requires [ExtendedConfig ASPM ClockPM MSI]
[    0.464017] acpi PNP0A03:00: fail to add MMCONFIG information, can't access extended PCI configuration space under this bridge.
[    0.468785] PCI host bridge to bus 0000:00
[    0.472004] pci_bus 0000:00: root bus resource [io  0x0000-0x0cf7 window]
[    0.476004] pci_bus 0000:00: root bus resource [io  0x0d00-0xffff window]
[    0.480003] pci_bus 0000:00: root bus resource [mem 0x000a0000-0x000bffff window]
[    0.484005] pci_bus 0000:00: root bus resource [mem 0x40000000-0xfdffffff window]
[    0.488006] pci_bus 0000:00: root bus resource [bus 00-ff]
[    0.501265] pci 0000:00:01.1: legacy IDE quirk: reg 0x10: [io  0x01f0-0x01f7]
[    0.504004] pci 0000:00:01.1: legacy IDE quirk: reg 0x14: [io  0x03f6]
[    0.508005] pci 0000:00:01.1: legacy IDE quirk: reg 0x18: [io  0x0170-0x0177]
[    0.512003] pci 0000:00:01.1: legacy IDE quirk: reg 0x1c: [io  0x0376]
[    0.540258] pci 0000:00:07.0: quirk: [io  0x4000-0x403f] claimed by PIIX4 ACPI
[    0.544043] pci 0000:00:07.0: quirk: [io  0x4100-0x410f] claimed by PIIX4 SMB
[    0.560234] ACPI: PCI Interrupt Link [LNKA] (IRQs 5 9 10 *11)
[    0.564690] ACPI: PCI Interrupt Link [LNKB] (IRQs 5 9 *10 11)
[    0.568310] ACPI: PCI Interrupt Link [LNKC] (IRQs 5 *9 10 11)
[    0.572228] ACPI: PCI Interrupt Link [LNKD] (IRQs 5 9 10 *11)
[    0.576814] SCSI subsystem initialized
[    0.584043] pci 0000:00:02.0: vgaarb: setting as boot VGA device
[    0.588000] pci 0000:00:02.0: vgaarb: VGA device added: decodes=io+mem,owns=io+mem,locks=none
[    0.588008] pci 0000:00:02.0: vgaarb: bridge control possible
[    0.592006] vgaarb: loaded
[    0.596119] ACPI: bus type USB registered
[    0.600021] usbcore: registered new interface driver usbfs
[    0.604078] usbcore: registered new interface driver hub
[    0.608016] usbcore: registered new device driver usb
[    0.616123] EDAC MC: Ver: 3.0.0
[    0.621071] PCI: Using ACPI for IRQ routing
[    0.624829] NetLabel: Initializing
[    0.628003] NetLabel:  domain hash size = 128
[    0.632003] NetLabel:  protocols = UNLABELED CIPSOv4 CALIPSO
[    0.636021] NetLabel:  unlabeled traffic allowed by default
[    0.644411] clocksource: Switched to clocksource kvm-clock
[    0.653471] VFS: Disk quotas dquot_6.6.0
[    0.653471] VFS: Dquot-cache hash table entries: 512 (order 0, 4096 bytes)
[    0.653471] AppArmor: AppArmor Filesystem Enabled
[    0.653471] pnp: PnP ACPI init
[    0.653471] pnp: PnP ACPI: found 3 devices
[    0.765518] clocksource: acpi_pm: mask: 0xffffff max_cycles: 0xffffff, max_idle_ns: 2085701024 ns
[    0.768512] NET: Registered protocol family 2
[    0.768512] IP idents hash table entries: 16384 (order: 5, 131072 bytes)
[    0.784205] TCP established hash table entries: 8192 (order: 4, 65536 bytes)
[    0.791818] TCP bind hash table entries: 8192 (order: 5, 131072 bytes)
[    0.798201] TCP: Hash tables configured (established 8192 bind 8192)
[    0.801715] UDP hash table entries: 512 (order: 2, 16384 bytes)
[    0.801715] UDP-Lite hash table entries: 512 (order: 2, 16384 bytes)
[    0.801715] NET: Registered protocol family 1
[    0.801715] pci 0000:00:00.0: Limiting direct PCI/PCI transfers
[    0.801715] pci 0000:00:01.0: Activating ISA DMA hang workarounds
[    0.801715] pci 0000:00:02.0: Video device with shadowed ROM at [mem 0x000c0000-0x000dffff]
[    0.801715] Unpacking initramfs...
[    1.087755] Freeing initrd memory: 19528K
[    1.433095] clocksource: tsc: mask: 0xffffffffffffffff max_cycles: 0x1e717e40680, max_idle_ns: 440795297614 ns
[    1.444948] platform rtc_cmos: registered platform RTC device (no PNP device found)
[    1.453125] Scanning for low memory corruption every 60 seconds
[    1.463321] Initialise system trusted keyrings
[    1.470182] Key type blacklist registered
[    1.475499] workingset: timestamp_bits=36 max_order=18 bucket_order=0
[    1.483880] zbud: loaded
[    1.488311] squashfs: version 4.0 (2009/01/31) Phillip Lougher
[    1.497132] fuse init (API version 7.26)
[    1.526558] Key type asymmetric registered
[    1.532209] Asymmetric key parser 'x509' registered
[    1.538448] Block layer SCSI generic (bsg) driver version 0.4 loaded (major 246)
[    1.545806] io scheduler noop registered
[    1.550420] io scheduler deadline registered
[    1.555219] io scheduler cfq registered (default)
[    1.560663] ACPI: AC Adapter [AC] (on-line)
[    1.564793] input: Power Button as /devices/LNXSYSTM:00/LNXPWRBN:00/input/input0
[    1.572299] ACPI: Power Button [PWRF]
[    1.576844] input: Sleep Button as /devices/LNXSYSTM:00/LNXSLPBN:00/input/input1
[    1.583499] ACPI: Sleep Button [SLPF]
[    1.588384] Serial: 8250/16550 driver, 32 ports, IRQ sharing enabled
[    1.590050] ACPI: Battery Slot [BAT0] (battery present)
[    1.628813] 00:02: ttyS0 at I/O 0x3f8 (irq = 4, base_baud = 115200) is a 16550A
[    1.637726] Linux agpgart interface v0.103
[    1.648557] loop: module loaded
[    1.654755] scsi host0: ata_piix
[    1.659674] scsi host1: ata_piix
[    1.663756] ata1: PATA max UDMA/33 cmd 0x1f0 ctl 0x3f6 bmdma 0xd000 irq 14
[    1.670592] ata2: PATA max UDMA/33 cmd 0x170 ctl 0x376 bmdma 0xd008 irq 15
[    1.677603] tun: Universal TUN/TAP device driver, 1.6
[    1.683008] PPP generic driver version 2.4.2
[    1.689397] ehci_hcd: USB 2.0 'Enhanced' Host Controller (EHCI) Driver
[    1.695789] ehci-pci: EHCI PCI platform driver
[    1.699812] ehci-platform: EHCI generic platform driver
[    1.703764] ohci_hcd: USB 1.1 'Open' Host Controller (OHCI) Driver
[    1.703764] ohci-pci: OHCI PCI platform driver
[    1.703764] ohci-platform: OHCI generic platform driver
[    1.703764] uhci_hcd: USB Universal Host Controller Interface driver
[    1.703764] i8042: PNP: PS/2 Controller [PNP0303:PS2K,PNP0f03:PS2M] at 0x60,0x64 irq 1,12
[    1.703764] serio: i8042 KBD port at 0x60,0x64 irq 1
[    1.703764] serio: i8042 AUX port at 0x60,0x64 irq 12
[    1.746809] mousedev: PS/2 mouse device common for all mice
[    1.755894] rtc_cmos rtc_cmos: rtc core: registered rtc_cmos as rtc0
[    1.763568] rtc_cmos rtc_cmos: alarms up to one day, 114 bytes nvram
[    1.770658] i2c /dev entries driver
[    1.774969] input: AT Translated Set 2 keyboard as /devices/platform/i8042/serio0/input/input2
[    1.783613] device-mapper: uevent: version 1.0.3
[    1.789371] device-mapper: ioctl: 4.37.0-ioctl (2017-09-20) initialised: dm-devel@redhat.com
[    1.798131] ledtrig-cpu: registered to indicate activity on CPUs
[    1.807541] NET: Registered protocol family 10
[    1.824822] Segment Routing with IPv6
[    1.829181] NET: Registered protocol family 17
[    1.834786] Key type dns_resolver registered
[    1.867694] mce: Using 0 MCE banks
[    1.880272] RAS: Correctable Errors collector initialized.
[    1.886711] sched_clock: Marking stable (1886634849, 0)->(2716037465, -829402616)
[    1.907509] registered taskstats version 1
[    1.912255] Loading compiled-in X.509 certificates
[    1.921953] Loaded X.509 cert 'Build time autogenerated kernel key: b5b26778eaa3ab3a4a6cee031137706e947d12ad'
[    1.932735] Loaded X.509 cert 'Canonical Ltd. Live Patch Signing: 14df34d1a87cf37625abec039ef2bf521249b969'
[    1.942446] Loaded X.509 cert 'Canonical Ltd. Kernel Module Signing: 88f752e560a1e0737e31163a466ad7b70a850c19'
[    1.951826] blacklist: Loading compiled-in revocation X.509 certificates
[    1.958337] Loaded X.509 cert 'Canonical Ltd. Secure Boot Signing: 61482aa2830d0ab2ad5af10b7250da9033ddcef0'
[    1.967549] Loaded X.509 cert 'Canonical Ltd. Secure Boot Signing (2017): 242ade75ac4a15e50d50c84b0d45ff3eae707a03'
[    1.977548] Loaded X.509 cert 'Canonical Ltd. Secure Boot Signing (ESM 2018): 365188c1d374d6b07c3c8f240f8ef722433d6a8b'
[    1.987495] Loaded X.509 cert 'Canonical Ltd. Secure Boot Signing (2019): c0746fd6c5da3ae827864651ad66ae47fe24b3e8'
[    1.996050] Loaded X.509 cert 'Canonical Ltd. Secure Boot Signing (2021 v1): a8d54bbb3825cfb94fa13c9f8a594a195c107b8d'
[    2.005561] Loaded X.509 cert 'Canonical Ltd. Secure Boot Signing (2021 v2): 4cf046892d6fd3c9a5b03f98d845f90851dc6a8c'
[    2.015150] Loaded X.509 cert 'Canonical Ltd. Secure Boot Signing (2021 v3): 100437bb6de6e469b581e61cd66bce3ef4ed53af'
[    2.024899] Loaded X.509 cert 'Canonical Ltd. Secure Boot Signing (Ubuntu Core 2019): c1d57b8f6b743f23ee41f4f7ee292f06eecadfb9'
[    2.035114] zswap: loaded using pool lzo/zbud
[    2.050355] Key type big_key registered
[    2.054934] Key type trusted registered
[    2.064462] Key type encrypted registered
[    2.068355] AppArmor: AppArmor sha1 policy hashing enabled
[    2.072959] ima: No TPM chip found, activating TPM-bypass! (rc=-19)
[    2.078079] ima: Allocated hash algorithm: sha1
[    2.081951] evm: HMAC attrs: 0x1
[    2.085344]   Magic number: 1:175:287
[    2.088521] tty tty20: hash matches
[    2.091740] acpi PNP0400:00: hash matches
[    2.096086] rtc_cmos rtc_cmos: setting system clock to 2025-07-10 16:16:24 UTC (1752164184)
[    2.104884] BIOS EDD facility v0.16 2004-Jun-25, 0 devices found
[    2.110489] EDD information not available.
[    2.117693] Freeing unused kernel image memory: 2480K
[    2.144306] Write protecting the kernel read-only data: 20480k
[    2.150549] Freeing unused kernel image memory: 2008K
[    2.155776] Freeing unused kernel image memory: 1820K
[    2.167845] x86/mm: Checked W+X mappings: passed, no W+X pages found.
Loading, please wait...
starting version 237
[    2.383103] e1000: Intel(R) PRO/1000 Network Driver - version 7.3.21-k8-NAPI
[    2.391108] e1000: Copyright (c) 1999-2006 Intel Corporation.
[    2.399742] Fusion MPT base driver 3.04.20
[    2.405201] Copyright (c) 1999-2008 LSI Corporation
[    2.435235] Fusion MPT SPI Host driver 3.04.20
[    2.456610] mptbase: ioc0: Initiating bringup
[    2.467510] SSE version of gcm_enc/dec engaged.
[    2.582713] ioc0: LSI53C1030 A0: Capabilities={Initiator}
[    2.705675] input: ImExPS/2 Generic Explorer Mouse as /devices/platform/i8042/serio1/input/input4
[    2.879080] scsi host2: ioc0: LSI53C1030 A0, FwRev=00000000h, Ports=1, MaxQ=256, IRQ=20
[    3.062899] scsi 2:0:0:0: Direct-Access     VBOX     HARDDISK         1.0  PQ: 0 ANSI: 5
[    3.112301] scsi target2:0:0: Beginning Domain Validation
[    3.191605] scsi target2:0:0: Domain Validation skipping write tests
[    3.201950] scsi target2:0:0: Ending Domain Validation
[    3.208708] scsi target2:0:0: asynchronous
[    3.215641] scsi 2:0:1:0: Direct-Access     VBOX     HARDDISK         1.0  PQ: 0 ANSI: 5
[    3.512264] scsi target2:0:1: Beginning Domain Validation
[    3.528482] scsi target2:0:1: Domain Validation skipping write tests
[    3.536978] scsi target2:0:1: Ending Domain Validation
[    3.544187] scsi target2:0:1: asynchronous
[    3.563712] sd 2:0:0:0: Attached scsi generic sg0 type 0
[    3.570542] sd 2:0:0:0: [sda] 83886080 512-byte logical blocks: (42.9 GB/40.0 GiB)
[    3.578175] sd 2:0:1:0: Attached scsi generic sg1 type 0
[    3.584739] sd 2:0:0:0: [sda] Write Protect is off
[    3.590610] sd 2:0:0:0: [sda] Incomplete mode parameter data
[    3.597927] sd 2:0:0:0: [sda] Assuming drive cache: write through
[    3.612612] sd 2:0:1:0: [sdb] 20480 512-byte logical blocks: (10.5 MB/10.0 MiB)
[    3.621663]  sda: sda1
[    3.625708] sd 2:0:1:0: [sdb] Write Protect is off
[    3.633554] sd 2:0:1:0: [sdb] Incomplete mode parameter data
[    3.641276] sd 2:0:1:0: [sdb] Assuming drive cache: write through
[    3.649860] sd 2:0:0:0: [sda] Attached SCSI disk
[    3.663998] sd 2:0:1:0: [sdb] Attached SCSI disk
[    3.886903] e1000 0000:00:03.0 eth0: (PCI:33MHz:32-bit) 02:3b:7b:b7:3b:2d
[    3.894837] e1000 0000:00:03.0 eth0: Intel(R) PRO/1000 Network Connection
[    4.603305] e1000 0000:00:08.0 eth1: (PCI:33MHz:32-bit) 08:00:27:a7:eb:e9
[    4.612875] e1000 0000:00:08.0 eth1: Intel(R) PRO/1000 Network Connection
[    4.622354] e1000 0000:00:03.0 enp0s3: renamed from eth0
[    4.649313] e1000 0000:00:08.0 enp0s8: renamed from eth1
Begin: Loading essential drivers ... [    6.924857] raid6: sse2x1   gen() 11251 MB/s
[    6.976689] raid6: sse2x1   xor()  6603 MB/s
[    7.028576] raid6: sse2x2   gen() 13221 MB/s
[    7.076448] raid6: sse2x2   xor() 10220 MB/s
[    7.128103] raid6: sse2x4   gen() 15222 MB/s
[    7.180525] raid6: sse2x4   xor()  9690 MB/s
[    7.185136] raid6: using algorithm sse2x4 gen() 15222 MB/s
[    7.190163] raid6: .... xor() 9690 MB/s, rmw enabled
[    7.195183] raid6: using ssse3x2 recovery algorithm
[    7.202148] xor: measuring software checksum speed
[ 2976.592036] INFO: rcu_sched detected stalls on CPUs/tasks:
[ 2976.606039] 	1-...!: (3 ticks this GP) idle=bfe/140000000000000/0 softirq=1081/1081 fqs=0 
[ 2976.628961] 	(detected by 0, t=192591 jiffies, g=-132, c=-133, q=46)
[ 2976.646127] Sending NMI from CPU 0 to CPUs 1:
[ 2986.731812] rcu_sched kthread starved for 192591 jiffies! g18446744073709551484 c18446744073709551483 f0x0 RCU_GP_WAIT_FQS(3) ->state=0x402 ->cpu=0
[ 2986.771274] rcu_sched       I    0     8      2 0x80000000
[ 2986.789023] Call Trace:
[ 2986.797045]  __schedule+0x24e/0x890
[ 2986.808148]  schedule+0x2c/0x80
[ 2986.818546]  schedule_timeout+0x15d/0x370
[ 2986.829810]  ? __next_timer_interrupt+0xe0/0xe0
[ 2986.842807]  rcu_gp_kthread+0x53a/0x980
[ 2986.854637]  kthread+0x121/0x140
[ 2986.865063]  ? rcu_note_context_switch+0x150/0x150
[ 2986.879225]  ? kthread_create_worker_on_cpu+0x70/0x70
[ 2986.895261]  ret_from_fork+0x1f/0x40
[ 2986.906965] INFO: rcu_sched detected stalls on CPUs/tasks:
[ 2986.923922] 	1-...!: (980 ticks this GP) idle=bfe/140000000000000/0 softirq=1081/1081 fqs=0 
[ 2986.947308] 	(detected by 0, t=744925 jiffies, g=-132, c=-133, q=46)
[ 2986.963612] Sending NMI from CPU 0 to CPUs 1:
[ 2986.979318] NMI backtrace for cpu 1
[ 2986.979320] CPU: 1 PID: 272 Comm: modprobe Not tainted 4.15.0-212-generic #223-Ubuntu
[ 2986.979322] Hardware name: innotek GmbH VirtualBox/VirtualBox, BIOS VirtualBox 12/01/2006
[ 2986.979323] RIP: 0010:xor_sse_2_pf64+0x9d/0x1a0 [xor]
[ 2986.979324] RSP: 0018:ffffb68280377be0 EFLAGS: 00010206
[ 2986.979326] RAX: 0000000000000000 RBX: 0000000000000010 RCX: ffff9282b64bc140
[ 2986.979328] RDX: ffff9282b69dfb00 RSI: ffff9282b69dcb00 RDI: 0000000000000005
[ 2986.979329] RBP: ffffb68280377bf8 R08: ffffffffc0377680 R09: 0000000000000000
[ 2986.979330] R10: 0000000000000001 R11: ffffffffb473a270 R12: ffff9282b69dc000
[ 2986.979331] R13: ffff9282b69df000 R14: 0000000000000004 R15: 00000001000a3fef
[ 2986.979333] FS:  00007f7eaabde540(0000) GS:ffff9282bfd00000(0000) knlGS:0000000000000000
[ 2986.979334] CS:  0010 DS: 0000 ES: 0000 CR0: 0000000080050033
[ 2986.979335] CR2: 00007f54572a85a0 CR3: 0000000036984003 CR4: 00000000000206e0
[ 2986.979336] DR0: 0000000000000000 DR1: 0000000000000000 DR2: 0000000000000000
[ 2986.979338] DR3: 0000000000000000 DR6: 00000000fffe0ff0 DR7: 0000000000000400
[ 2986.979338] Call Trace:
[ 2986.979339]  do_xor_speed+0x7d/0xc9 [xor]
[ 2986.979340]  calibrate_xor_blocks+0xc3/0xf37 [xor]
[ 2986.979341]  ? do_xor_speed+0xc9/0xc9 [xor]
[ 2986.979342]  do_one_initcall+0x52/0x1b0
[ 2986.979343]  ? __vunmap+0xb5/0xe0
[ 2986.979344]  ? _cond_resched+0x19/0x40
[ 2986.979345]  ? kmem_cache_alloc_trace+0x167/0x1d0
[ 2986.979345]  ? do_init_module+0x27/0x1f2
[ 2986.979346]  do_init_module+0x4f/0x1f2
[ 2986.979347]  load_module+0x1aa7/0x1fd0
[ 2986.979348]  ? ima_post_read_file+0x96/0xa0
[ 2986.979349]  SYSC_finit_module+0xfc/0x120
[ 2986.979350]  ? SYSC_finit_module+0xfc/0x120
[ 2986.979350]  SyS_finit_module+0xe/0x10
[ 2986.979351]  do_syscall_64+0x73/0x130
[ 2986.979352]  entry_SYSCALL_64_after_hwframe+0x59/0xbe
[ 2986.979353] RIP: 0033:0x7f7eaa6e1539
[ 2986.979354] RSP: 002b:00007fff055b49c8 EFLAGS: 00000246 ORIG_RAX: 0000000000000139
[ 2986.979356] RAX: ffffffffffffffda RBX: 00005636f2e73700 RCX: 00007f7eaa6e1539
[ 2986.979358] RDX: 0000000000000000 RSI: 00005636f11aacee RDI: 0000000000000005
[ 2986.979359] RBP: 00005636f11aacee R08: 0000000000000000 R09: 00005636f2e72e00
[ 2986.979360] R10: 0000000000000005 R11: 0000000000000246 R12: 0000000000000000
[ 2986.979361] R13: 00005636f2e7a630 R14: 0000000000060000 R15: 00005636f2e72e00
[ 2986.979362] Code: 10 0f 29 56 20 0f 29 5e 30 0f 18 86 40 01 00 00 0f 28 46 40 0f 28 4e 50 0f 28 56 60 0f 28 5e 70 0f 18 82 40 01 00 00 0f 57 42 40 <0f> 57 4a 50 0f 57 52 60 0f 57 5a 70 0f 29 46 40 0f 29 4e 50 0f 
[ 2986.979477] rcu_sched kthread starved for 744925 jiffies! g18446744073709551484 c18446744073709551483 f0x2 RCU_GP_WAIT_FQS(3) ->state=0x0 ->cpu=0
[ 2987.602734] rcu_sched       R  running task        0     8      2 0x80000000
[ 2987.622319] Call Trace:
[ 2987.629933]  __schedule+0x24e/0x890
[ 2987.640474]  schedule+0x2c/0x80
[ 2987.650297]  schedule_timeout+0x15d/0x370
[ 2987.663714]  ? __next_timer_interrupt+0xe0/0xe0
[ 2987.677415]  rcu_gp_kthread+0x53a/0x980
[ 2987.687920]  kthread+0x121/0x140
[ 2987.697136]  ? rcu_note_context_switch+0x150/0x150
[ 2987.711897]  ? kthread_create_worker_on_cpu+0x70/0x70
[ 2987.725559]  ret_from_fork+0x1f/0x40
[ 3096.400412] watchdog: BUG: soft lockup - CPU#0 stuck for 101s! [swapper/0:0]
[ 3096.428544] Modules linked in: xor(+) raid6_pq libcrc32c raid1 raid0 multipath linear aesni_intel aes_x86_64 mptspi scsi_transport_spi mptscsih crypto_simd cryptd glue_helper mptbase psmouse e1000
[ 3096.494008] CPU: 0 PID: 0 Comm: swapper/0 Not tainted 4.15.0-212-generic #223-Ubuntu
[ 3096.524244] Hardware name: innotek GmbH VirtualBox/VirtualBox, BIOS VirtualBox 12/01/2006
[ 3096.542917] RIP: 0010:native_safe_halt+0x12/0x20
[ 3096.551154] RSP: 0018:ffffffffb5603e28 EFLAGS: 00010246 ORIG_RAX: ffffffffffffff11
[ 3096.566798] RAX: ffffffffb4bcfa40 RBX: 0000000000000000 RCX: 0000000000000000
[ 3096.581850] RDX: 0000000000000000 RSI: 0000000000000000 RDI: 0000000000000000
[ 3096.594266] RBP: ffffffffb5603e28 R08: 0000000000000002 R09: 0000000000000002
[ 3096.605153] R10: 0000000000000002 R11: 0000000000000000 R12: 0000000000000000
[ 3096.617296] R13: 0000000000000000 R14: 0000000000000000 R15: 0000000000000000
[ 3096.631605] FS:  0000000000000000(0000) GS:ffff9282bfc00000(0000) knlGS:0000000000000000
[ 3096.650079] CS:  0010 DS: 0000 ES: 0000 CR0: 0000000080050033
[ 3096.665279] CR2: 000055b155a0d808 CR3: 0000000016a0a006 CR4: 00000000000206f0
[ 3096.683669] DR0: 0000000000000000 DR1: 0000000000000000 DR2: 0000000000000000
[ 3096.700870] DR3: 0000000000000000 DR6: 00000000fffe0ff0 DR7: 0000000000000400
[ 3096.716358] Call Trace:
[ 3096.722161]  default_idle+0x20/0x100
[ 3096.730627]  arch_cpu_idle+0x15/0x20
[ 3096.741873]  default_idle_call+0x23/0x30
[ 3096.753910]  do_idle+0x172/0x1f0
[ 3096.765784]  cpu_startup_entry+0x73/0x80
[ 3096.778010]  rest_init+0xae/0xb0
[ 3096.786102]  start_kernel+0x4c9/0x4ed
[ 3096.795627]  x86_64_start_reservations+0x24/0x26
[ 3096.807681]  x86_64_start_kernel+0x8e/0x91
[ 3096.819622]  secondary_startup_64+0xa5/0xb0
[ 3096.831993] Code: 00 f0 80 48 02 20 48 8b 00 a8 08 0f 84 7b ff ff ff eb bd 90 90 90 90 90 90 55 48 89 e5 0f 1f 44 00 00 0f 00 2d 50 a0 43 00 fb f4 <5d> c3 66 90 66 2e 0f 1f 84 00 00 00 00 00 55 48 89 e5 0f 1f 44 
[ 3096.926915]    prefetch64-sse: -934664.-16 MB/sec
[ 3097.052555]    generic_sse: 12257.000 MB/sec
[ 3097.066292] xor: using function: generic_sse (12257.000 MB/sec)
[ 3097.098698] async_tx: api initialized (async)
done.
Begin: Running /scripts/init-premount ... done.
Begin: Mounting root file system ... Begin: Running /scripts/local-top ... done.
Begin: Running /scripts/local-premount ... [ 3097.383615] Btrfs loaded, crc32c=crc32c-intel
Scanning for Btrfs filesystems
done.
Warning: fsck not present, so skipping root file system
[ 3097.619439] EXT4-fs (sda1): mounted filesystem with ordered data mode. Opts: (null)
done.
Begin: Running /scripts/local-bottom ... done.
Begin: Running /scripts/init-bottom ... done.
[ 3098.344725] ip_tables: (C) 2000-2006 Netfilter Core Team
[ 3098.443445] systemd[1]: systemd 237 running in system mode. (+PAM +AUDIT +SELINUX +IMA +APPARMOR +SMACK +SYSVINIT +UTMP +LIBCRYPTSETUP +GCRYPT +GNUTLS +ACL +XZ +LZ4 +SECCOMP +BLKID +ELFUTILS +KMOD -IDN2 +IDN -PCRE2 default-hierarchy=hybrid)
[ 3098.493231] systemd[1]: Detected virtualization oracle.
[ 3098.509958] systemd[1]: Detected architecture x86-64.

Welcome to [1mUbuntu 18.04.6 LTS[0m!

[ 3098.623792] systemd[1]: Set hostname to <ubuntu>.
[ 3098.661839] systemd[1]: Initializing machine ID from random generator.
[ 3098.681356] systemd[1]: Installed transient /etc/machine-id file.
[ 3099.633140] systemd[1]: Set up automount Arbitrary Executable File Formats File System Automount Point.
[[0;32m  OK  [0m] Set up automount Arbitrary Executab…rmats File System Automount Point.
[ 3099.712761] systemd[1]: Created slice User and Session Slice.
[[0;32m  OK  [0m] Created slice User and Session Slice.
[ 3099.735696] systemd[1]: Reached target User and Group Name Lookups.
[[0;32m  OK  [0m] Reached target User and Group Name Lookups.
[ 3099.764110] systemd[1]: Created slice System Slice.
[[0;32m  OK  [0m] Created slice System Slice.
[[0;32m  OK  [0m] Listening on udev Control Socket.
[[0;32m  OK  [0m] Reached target Slices.
[[0;32m  OK  [0m] Listening on Syslog Socket.
[[0;32m  OK  [0m] Created slice system-serial\x2dgetty.slice.
[[0;32m  OK  [0m] Listening on fsck to fsckd communication Socket.
[[0;32m  OK  [0m] Listening on LVM2 metadata daemon socket.
[[0;32m  OK  [0m] Listening on Journal Socket.
         Mounting POSIX Message Queue File System...
         Starting File System Check on Root Device...
         Starting Uncomplicated firewall...
[[0;32m  OK  [0m] Listening on /dev/initctl Compatibility Named Pipe.
[[0;32m  OK  [0m] Listening on Device-mapper event daemon FIFOs.
[[0;32m  OK  [0m] Started Forward Password Requests to Wall Directory Watch.
[[0;32m  OK  [0m] Listening on Journal Audit Socket.
[[0;32m  OK  [0m] Listening on udev Kernel Socket.
         Starting Monitoring of LVM2 mirrors…ng dmeventd or progress polling...
         Mounting Kernel Debug File System...
         Starting Create list of required st…ce nodes for the current kernel...
[[0;32m  OK  [0m] Reached target Swap.
[[0;32m  OK  [0m] Reached target System Time Synchronized.
[[0;32m  OK  [0m] Listening on Journal Socket (/dev/log).
[[0;32m  OK  [0m] Reached target Mounting snaps.
[[0;32m  OK  [0m] Listening on LVM2 poll daemon socket.
[[0;32m  OK  [0m] Reached target Mounted snaps.
         Starting Set the console keyboard layout...
         Starting Load Kernel Modules...
         Starting Journal Service...
[[0;32m  OK  [0m] Listening on Network Service Netlink Socket.
         Mounting Huge Pages File System...
         Starting udev Coldplug all Devices...
[[0;32m  OK  [0m] Mounted POSIX Message Queue File System.
[[0;32m  OK  [0m] Started File System Check on Root Device.
[[0;32m  OK  [0m] Started Uncomplicated firewall.
[[0;32m  OK  [0m] Mounted Kernel Debug File System.
[[0;32m  OK  [0m] Started Create list of required sta…vice nodes for the current kernel.
[[0;32m  OK  [0m] Mounted Huge Pages File System.
[[0;32m  OK  [0m] Started File System Check Daemon to report status.
[ 3100.411742] Loading iSCSI transport class v2.0-870.
[[0;32m  OK  [0m] Started LVM2 metadata daemon.
         Starting Create Static Device Nodes in /dev...
         Starting Remount Root and Kernel File Systems...
[[0;32m  OK  [0m] Started Create Static Device Nodes in /dev.
[ 3100.611923] EXT4-fs (sda1): re-mounted. Opts: (null)
[[0;32m  OK  [0m] Started udev Coldplug all Devices.
[[0;32m  OK  [0m] Started Remount Root and Kernel File Systems.
[ 3100.635882] iscsi: registered transport (tcp)
         Starting udev Kernel Device Manager...
         Starting Load/Save Random Seed...
[[0;32m  OK  [0m] Started Journal Service.
[[0;32m  OK  [0m] Started Monitoring of LVM2 mirrors,…sing dmeventd or progress polling.
         Starting Flush Journal to Persistent Storage...
[[0;32m  OK  [0m] Started Load/Save Random Seed.
[ 3100.870107] systemd-journald[412]: Received request to flush runtime journal from PID 1
[[0;32m  OK  [0m] Started udev Kernel Device Manager.
[ 3101.071920] iscsi: registered transport (iser)
[[0;32m  OK  [0m] Started Flush Journal to Persistent Storage.
[[0;32m  OK  [0m] Started Load Kernel Modules.
         Mounting FUSE Control File System...
         Mounting Kernel Configuration File System...
         Starting Apply Kernel Variables...
[[0;32m  OK  [0m] Mounted FUSE Control File System.
[[0;32m  OK  [0m] Mounted Kernel Configuration File System.
[[0;32m  OK  [0m] Started Apply Kernel Variables.
[[0;32m  OK  [0m] Found device /dev/ttyS0.
[[0;32m  OK  [0m] Listening on Load/Save RF Kill Switch Status /dev/rfkill Watch.
[[0;32m  OK  [0m] Started Set the console keyboard layout.
[[0;32m  OK  [0m] Reached target Local File Systems (Pre).
[[0;32m  OK  [0m] Reached target Local File Systems.
         Starting Create Volatile Files and Directories...
         Starting Commit a transient machine-id on disk...
         Starting Tell Plymouth To Write Out Runtime Data...
         Starting ebtables ruleset management...
         Starting AppArmor initialization...
         Starting Set console font and keymap...
[[0;32m  OK  [0m] Started Dispatch Password Requests to Console Directory Watch.
[[0;32m  OK  [0m] Reached target Local Encrypted Volumes.
[[0;32m  OK  [0m] Started Tell Plymouth To Write Out Runtime Data.
[[0;32m  OK  [0m] Started Commit a transient machine-id on disk.
[[0;32m  OK  [0m] Started Create Volatile Files and Directories.
         Starting Update UTMP about System Boot/Shutdown...
         Mounting Arbitrary Executable File Formats File System...
[[0;32m  OK  [0m] Started Update UTMP about System Boot/Shutdown.
[[0;32m  OK  [0m] Mounted Arbitrary Executable File Formats File System.
[[0;32m  OK  [0m] Started ebtables ruleset management.
[[0;32m  OK  [0m] Started AppArmor initialization.
         Starting Load AppArmor profiles managed internally by snapd...
         Starting Initial cloud-init job (pre-networking)...
[[0;32m  OK  [0m] Started Load AppArmor profiles managed internally by snapd.
[[0;32m  OK  [0m] Started Set console font and keymap.
[ 3111.114698] cloud-init[759]: Cloud-init v. 23.1.2-0ubuntu0~18.04.1 running 'init-local' at Thu, 10 Jul 2025 17:08:12 +0000. Up 3110.06 seconds.
[[0;32m  OK  [0m] Started Initial cloud-init job (pre-networking).
[[0;32m  OK  [0m] Reached target Network (Pre).
         Starting Network Service...
[[0;32m  OK  [0m] Started Network Service.
         Starting Wait for Network to be Configured...
         Starting Network Name Resolution...
[[0;32m  OK  [0m] Started Network Name Resolution.
[[0;32m  OK  [0m] Reached target Network.
[[0;32m  OK  [0m] Reached target Host and Network Name Lookups.
[[0;32m  OK  [0m] Started Wait for Network to be Configured.
         Starting Initial cloud-init job (metadata service crawler)...
[ 3114.305061] cloud-init[897]: Cloud-init v. 23.1.2-0ubuntu0~18.04.1 running 'init' at Thu, 10 Jul 2025 17:08:16 +0000. Up 3113.91 seconds.
[ 3114.312764] cloud-init[897]: ci-info: ++++++++++++++++++++++++++++++++++++++++++++Net device info++++++++++++++++++++++++++++++++++++++++++++
[ 3114.321113] cloud-init[897]: ci-info: +--------+-------+---------------------------------------+---------------+--------+-------------------+
[ 3114.329353] cloud-init[897]: ci-info: | Device |   Up  |                Address                |      Mask     | Scope  |     Hw-Address    |
[ 3114.337595] cloud-init[897]: ci-info: +--------+-------+---------------------------------------+---------------+--------+-------------------+
[ 3114.346584] cloud-init[897]: ci-info: | enp0s3 |  True |               10.0.2.15               | 255.255.255.0 | global | 02:3b:7b:b7:3b:2d |
[ 3114.354925] cloud-init[897]: ci-info: | enp0s3 |  True | fd17:625c:f037:2:3b:7bff:feb7:3b2d/64 |       .       | global | 02:3b:7b:b7:3b:2d |
[ 3114.364983] cloud-init[897]: ci-info: | enp0s3 |  True |       fe80::3b:7bff:feb7:3b2d/64      |       .       |  link  | 02:3b:7b:b7:3b:2d |
[ 3114.374328] cloud-init[897]: ci-info: | enp0s8 | False |                   .                   |       .       |   .    | 08:00:27:a7:eb:e9 |
[ 3114.382082] cloud-init[897]: ci-info: |   lo   |  True |               127.0.0.1               |   255.0.0.0   |  host  |         .         |
[ 3114.390520] cloud-init[897]: ci-info: |   lo   |  True |                ::1/128                |       .       |  host  |         .         |
[ 3114.397851] cloud-init[897]: ci-info: +--------+-------+---------------------------------------+---------------+--------+-------------------+
[ 3114.407309] cloud-init[897]: ci-info: ++++++++++++++++++++++++++++Route IPv4 info+++++++++++++++++++++++++++++
[ 3114.413537] cloud-init[897]: ci-info: +-------+-------------+----------+-----------------+-----------+-------+
[ 3114.419703] cloud-init[897]: ci-info: | Route | Destination | Gateway  |     Genmask     | Interface | Flags |
[ 3114.427048] cloud-init[897]: ci-info: +-------+-------------+----------+-----------------+-----------+-------+
[ 3114.434117] cloud-init[897]: ci-info: |   0   |   0.0.0.0   | 10.0.2.2 |     0.0.0.0     |   enp0s3  |   UG  |
[ 3114.440896] cloud-init[897]: ci-info: |   1   |   10.0.2.0  | 0.0.0.0  |  255.255.255.0  |   enp0s3  |   U   |
[ 3114.446435] cloud-init[897]: ci-info: |   2   |   10.0.2.2  | 0.0.0.0  | 255.255.255.255 |   enp0s3  |   UH  |
[ 3114.452051] cloud-init[897]: ci-info: +-------+-------------+----------+-----------------+-----------+-------+
[ 3114.458165] cloud-init[897]: ci-info: ++++++++++++++++++++++++Route IPv6 info++++++++++++++++++++++++
[ 3114.463313] cloud-init[897]: ci-info: +-------+-----------------------+---------+-----------+-------+
[ 3114.468934] cloud-init[897]: ci-info: | Route |      Destination      | Gateway | Interface | Flags |
[ 3114.474491] cloud-init[897]: ci-info: +-------+-----------------------+---------+-----------+-------+
[ 3114.479778] cloud-init[897]: ci-info: |   1   | fd17:625c:f037:2::/64 |    ::   |   enp0s3  |   U   |
[ 3114.485917] cloud-init[897]: ci-info: |   2   |       fe80::/64       |    ::   |   enp0s3  |   U   |
[ 3114.492798] cloud-init[897]: ci-info: |   3   |          ::/0         | fe80::2 |   enp0s3  |   UG  |
[ 3114.499597] cloud-init[897]: ci-info: |   5   |         local         |    ::   |   enp0s3  |   U   |
[ 3114.505604] cloud-init[897]: ci-info: |   6   |        ff00::/8       |    ::   |   enp0s3  |   U   |
[ 3114.511303] cloud-init[897]: ci-info: +-------+-----------------------+---------+-----------+-------+
[ 3116.934796] cloud-init[897]: Generating public/private rsa key pair.
[ 3116.941564] cloud-init[897]: Your identification has been saved in /etc/ssh/ssh_host_rsa_key.
[ 3116.950059] cloud-init[897]: Your public key has been saved in /etc/ssh/ssh_host_rsa_key.pub.
[ 3116.958863] cloud-init[897]: The key fingerprint is:
[ 3116.965296] cloud-init[897]: SHA256:U7XhENgEyZrX90AWzTsHH2Y5TaOLKRKT+Hcp5Hrypes root@ubuntu-bionic
[ 3116.973827] cloud-init[897]: The key's randomart image is:
[ 3116.980897] cloud-init[897]: +---[RSA 2048]----+
[ 3116.985932] cloud-init[897]: |       ..*+.++ o+|
[ 3116.991029] cloud-init[897]: |      . = .+oo=*o|
[ 3116.995712] cloud-init[897]: |     . * o.oo.o+o|
[ 3117.009267] cloud-init[897]: |      + *.. * + o|
[ 3117.013957] cloud-init[897]: |       +S= * + o |
[ 3117.019000] cloud-init[897]: |        +.+   .  |
[ 3117.023831] cloud-init[897]: |       o . .     |
[ 3117.028932] cloud-init[897]: |        + o      |
[ 3117.035019] cloud-init[897]: |        .E.      |
[ 3117.049643] cloud-init[897]: +----[SHA256]-----+
[ 3117.061489] cloud-init[897]: Generating public/private dsa key pair.
[ 3117.076984] cloud-init[897]: Your identification has been saved in /etc/ssh/ssh_host_dsa_key.
[ 3117.097297] cloud-init[897]: Your public key has been saved in /etc/ssh/ssh_host_dsa_key.pub.
[ 3117.114063] cloud-init[897]: The key fingerprint is:
[ 3117.128178] cloud-init[897]: SHA256:ocGV/c/eCT+xcGYXak9iZSJ8E8XWRMbVfmBmkJTzh8Y root@ubuntu-bionic[[0;32m  OK  [0m] 
[ 3117.149486] cloud-init[897]: The key's randomart image is:
[ 3117.149563] cloud-init[897]: +---[DSA 1024]----+
[ 3117.150873] cloud-init[897]: |        .o .o+o=O|
[ 3117.151668] cloud-init[897]: |     . .. . +.=++|
[ 3117.153964] cloud-init[897]: |      o . .. Bo+ |
[ 3117.154950] cloud-init[897]: |       o . o.+E++|
[ 3117.155850] cloud-init[897]: |      . S   o+*.o|
[ 3117.157164] cloud-init[897]: |             Bo*.|
[ 3117.157231] cloud-init[897]: |            o.@.=|
[ 3117.157304] cloud-init[897]: |              .*.|
[ 3117.158385] cloud-init[897]: |                .|
[ 3117.159290] cloud-init[897]: +----[SHA256]-----+
[ 3117.160213] cloud-init[897]: Generating public/private ecdsa key pair.
[ 3117.162703] cloud-init[897]: Your identification has been saved in /etc/ssh/ssh_host_ecdsa_key.
[ 3117.163654] cloud-init[897]: Your public key has been saved in /etc/ssh/ssh_host_ecdsa_key.pub.
[ 3117.166115] cloud-init[897]: The key fingerprint is:
[ 3117.166193] cloud-init[897]: SHA256:wHAkFAMaMZT7qfyn+xArd8oVbNeMYqZlz5JO8UZKKCA root@ubuntu-bionic
[ 3117.166277] cloud-init[897]: The key's randomart image is:
[ 3117.166339] cloud-init[897]: +---[ECDSA 256]---+
[ 3117.166397] cloud-init[897]: |=ooo*oo          |
[ 3117.166461] cloud-init[897]: | =   *           |
[ 3117.166525] cloud-init[897]: |E .   o          |
[ 3117.167548] cloud-init[897]: |o.  o  .+        |
[ 3117.169590] cloud-init[897]: | ..o.% +So       |
[ 3117.170572] cloud-init[897]: |  .o@ %          |
[ 3117.171615] cloud-init[897]: |...= B =         |
[ 3117.173793] cloud-init[897]: | o+ B.o          |
[ 3117.174784] cloud-init[897]: |  .*=o           |
[ 3117.175791] cloud-init[897]: +----[SHA256]-----+
[ 3117.177938] cloud-init[897]: Generating public/private ed25519 key pair.
[ 3117.178898] cloud-init[897]: Your identification has been saved in /etc/ssh/ssh_host_ed25519_key.
[ 3117.179888] cloud-init[897]: Your public key has been saved in /etc/ssh/ssh_host_ed25519_key.pub.
[ 3117.182125] cloud-init[897]: The key fingerprint is:
[ 3117.183172] cloud-init[897]: SHA256:1Z9PHKuyX9sOV52VRdX0VDaJ2PVEOF66U/aA3fU2z30 root@ubuntu-bionic
[ 3117.184511] cloud-init[897]: The key's randomart image is:
[ 3117.185787] cloud-init[897]: +--[ED25519 256]--+
[ 3117.186745] cloud-init[897]: |            o oB/|
[ 3117.187760] cloud-init[897]: |           o oo=X|
[ 3117.187870] cloud-init[897]: |          . .+ B*|
[ 3117.188009] cloud-init[897]: |         .  ..=+%|
[ 3117.188123] cloud-init[897]: |        S     oXX|
[ 3117.188722] cloud-init[897]: |              +oE|
[ 3117.189650] cloud-init[897]: |           . ..o+|
[ 3117.189760] cloud-init[897]: |            o .oo|
[ 3117.189980] cloud-init[897]: |           ... oo|
[ 3117.190108] cloud-init[897]: +----[SHA256]-----+
Started Initial cloud-init job (metadata service crawler).
[[0;32m  OK  [0m] Reached target Network is Online.
[[0;32m  OK  [0m] Reached target Remote File Systems (Pre).
[[0;32m  OK  [0m] Reached target Remote File Systems.
         Starting Availability of block devices...
[[0;32m  OK  [0m] Reached target System Initialization.
[[0;32m  OK  [0m] Started Daily apt download activities.
[[0;32m  OK  [0m] Started Discard unused blocks once a week.
[[0;32m  OK  [0m] Started Daily Cleanup of Temporary Directories.
[[0;32m  OK  [0m] Started Daily apt upgrade and clean activities.
[[0;32m  OK  [0m] Started ACPI Events Check.
[[0;32m  OK  [0m] Listening on cloud-init hotplug hook socket.
[[0;32m  OK  [0m] Reached target Paths.
[[0;32m  OK  [0m] Started Ubuntu Advantage Timer for running repeated jobs.
[[0;32m  OK  [0m] Listening on UUID daemon activation socket.
[[0;32m  OK  [0m] Listening on ACPID Listen Socket.
         Starting LXD - unix socket.
         Starting Socket activation for snappy daemon.
[[0;32m  OK  [0m] Listening on D-Bus System Message Bus Socket.
[[0;32m  OK  [0m] Listening on Open-iSCSI iscsid Socket.
[[0;32m  OK  [0m] Started Message of the Day.
[[0;32m  OK  [0m] Reached target Timers.
[[0;32m  OK  [0m] Reached target Cloud-config availability.
[[0;32m  OK  [0m] Started Availability of block devices.
[[0;32m  OK  [0m] Listening on LXD - unix socket.
[[0;32m  OK  [0m] Listening on Socket activation for snappy daemon.
         Starting Cleanup of Temporary Directories...
[[0;32m  OK  [0m] Reached target Sockets.
[[0;32m  OK  [0m] Reached target Basic System.
         Starting Pollinate to seed the pseudo random number generator...
         Starting Login Service...
         Starting Accounts Service...
         Starting LSB: automatic crash report generation...
[[0;32m  OK  [0m] Started D-Bus System Message Bus.
         Starting Dispatcher daemon for systemd-networkd...
         Starting Permit User Sessions...
[[0;32m  OK  [0m] Started irqbalance daemon.
[[0;32m  OK  [0m] Started FUSE filesystem for LXC.
[[0;32m  OK  [0m] Reached target Login Prompts (Pre).
         Starting LXD - container startup/shutdown...
         Starting System Logging Service...
[[0;32m  OK  [0m] Started Regular background program processing daemon.
         Starting Snap Daemon...
[[0;32m  OK  [0m] Started Deferred execution scheduler.
         Starting Virtualbox guest utils...
         Starting LSB: Record successful boot for GRUB...
[[0;32m  OK  [0m] Started System Logging Service.
[[0;32m  OK  [0m] Started Cleanup of Temporary Directories.
[[0;32m  OK  [0m] Started Permit User Sessions.
[[0;32m  OK  [0m] Started Login Service.
         Starting Authorization Manager...
[[0;32m  OK  [0m] Started Unattended Upgrades Shutdown.
         Starting Hostname Service...
         Starting Hold until boot process finishes up...
         Starting Terminate Plymouth Boot Screen...
[[0;32m  OK  [0m] Started LSB: automatic crash report generation.
[[0;32m  OK  [0m] Started Hold until boot process finishes up.
[[0;32m  OK  [0m] Started Terminate Plymouth Boot Screen.
         Starting Set console scheme...
[[0;32m  OK  [0m] Started Serial Getty on ttyS0.
[[0;32m  OK  [0m] Started Set console scheme.
[[0;32m  OK  [0m] Created slice system-getty.slice.
[[0;32m  OK  [0m] Started Getty on tty1.
[[0;32m  OK  [0m] Reached target Login Prompts.
[[0;32m  OK  [0m] Started Authorization Manager.
[[0;32m  OK  [0m] Started Accounts Service.
[[0;32m  OK  [0m] Started LSB: Record successful boot for GRUB.
[[0;32m  OK  [0m] Started Hostname Service.
[[0;32m  OK  [0m] Started Dispatcher daemon for systemd-networkd.
[[0;32m  OK  [0m] Started Virtualbox guest utils.
[[0;32m  OK  [0m] Started LXD - container startup/shutdown.
[[0;32m  OK  [0m] Started Snap Daemon.
         Starting Wait until snapd is fully seeded...
[[0;32m  OK  [0m] Started Pollinate to seed the pseudo random number generator.
         Starting OpenBSD Secure Shell server...
[[0;32m  OK  [0m] Started OpenBSD Secure Shell server.
         Starting Time & Date Service...
[[0;32m  OK  [0m] Started Time & Date Service.

Ubuntu 18.04.6 LTS ubuntu-bionic ttyS0

ubuntu-bionic login: [ 3130.777956] cloud-init[1372]: Cloud-init v. 23.1.2-0ubuntu0~18.04.1 running 'modules:config' at Thu, 10 Jul 2025 17:08:31 +0000. Up 3129.37 seconds.
ci-info: no authorized SSH keys fingerprints found for user ubuntu.
<14>Jul 10 17:08:34 cloud-init: #############################################################
<14>Jul 10 17:08:34 cloud-init: -----BEGIN SSH HOST KEY FINGERPRINTS-----
<14>Jul 10 17:08:34 cloud-init: 1024 SHA256:ocGV/c/eCT+xcGYXak9iZSJ8E8XWRMbVfmBmkJTzh8Y root@ubuntu-bionic (DSA)
<14>Jul 10 17:08:34 cloud-init: 256 SHA256:wHAkFAMaMZT7qfyn+xArd8oVbNeMYqZlz5JO8UZKKCA root@ubuntu-bionic (ECDSA)
<14>Jul 10 17:08:34 cloud-init: 256 SHA256:1Z9PHKuyX9sOV52VRdX0VDaJ2PVEOF66U/aA3fU2z30 root@ubuntu-bionic (ED25519)
<14>Jul 10 17:08:34 cloud-init: 2048 SHA256:U7XhENgEyZrX90AWzTsHH2Y5TaOLKRKT+Hcp5Hrypes root@ubuntu-bionic (RSA)
<14>Jul 10 17:08:34 cloud-init: -----END SSH HOST KEY FINGERPRINTS-----
<14>Jul 10 17:08:34 cloud-init: #############################################################
-----BEGIN SSH HOST KEY KEYS-----
ecdsa-sha2-nistp256 AAAAE2VjZHNhLXNoYTItbmlzdHAyNTYAAAAIbmlzdHAyNTYAAABBBCXTSImzrPR77alC84eiEureqSwWyQ8lqYhNBp+2015DjY8fvqFMpvDGFzMAwgpDw4XEjG/Co995jhum6dULgxI= root@ubuntu-bionic
ssh-ed25519 AAAAC3NzaC1lZDI1NTE5AAAAIPrYOl5bvx1L7CWzK8zcxtt7Px/rjzB+OVG1oGJSJU1f root@ubuntu-bionic
ssh-rsa AAAAB3NzaC1yc2EAAAADAQABAAABAQClT/00eNyEI8a5WLeU5BYGb7iEHqf+//IVugj+TM5NMFlYrJi/kwa5u05oHjGafpFnE3Vv8XTkuZKZx3X56o5yMGwdN7Le3ihcmfnk5DA9wUUEoob7xzcHvNG72mWMZZMG0Go9nHAL3H4enpOuINbGgcieGOd1+zuhw3nAf13niO0Nc3vQYWNQwJv5QwLV2+plT6D14ufghkTasM0F5XDnYkZ4C0DoFAcxq2Uu5Fe32geDDpRAxx0NA4//1QQOoAKfoDIid01+sRjAbGnNb5G2nhr+tDBpecyuHfxFGU3i0SUoc31F5lzTOlFyZdZsHf4NFcHQYGxErLJOhhwOrhHL root@ubuntu-bionic
-----END SSH HOST KEY KEYS-----
[ 3132.659636] cloud-init[1430]: Cloud-init v. 23.1.2-0ubuntu0~18.04.1 running 'modules:final' at Thu, 10 Jul 2025 17:08:34 +0000. Up 3132.07 seconds.
[ 3132.677050] cloud-init[1430]: Cloud-init v. 23.1.2-0ubuntu0~18.04.1 finished at Thu, 10 Jul 2025 17:08:34 +0000. Datasource DataSourceNoCloud [seed=/dev/sdb][dsmode=net].  Up 3132.56 seconds
